<?xml version="1.0" encoding="utf-8" standalone="no"?>
<!--This file represents the results of running a test suite-->
<test-results name="C:\Users\Balu\Documents\Visual Studio 2013\Projects\Testws\Testws\bin\Debug\Testws.dll" total="3" errors="0" failures="0" not-run="0" inconclusive="0" ignored="0" skipped="0" invalid="0" date="2015-03-18" time="14:00:55">
  <environment nunit-version="2.6.4.14350" clr-version="2.0.50727.8009" os-version="Microsoft Windows NT 6.2.9200.0" platform="Win32NT" cwd="C:\Program Files (x86)\NUnit 2.6.4\bin" machine-name="GVMPUSHAPA" user="Balu" user-domain="GVMPUSHAPA" />
  <culture-info current-culture="en-US" current-uiculture="en-US" />
  <test-suite type="Assembly" name="C:\Users\Balu\Documents\Visual Studio 2013\Projects\Testws\Testws\bin\Debug\Testws.dll" executed="True" result="Success" success="True" time="1.898" asserts="0">
    <results>
      <test-suite type="Namespace" name="Testws" executed="True" result="Success" success="True" time="1.847" asserts="0">
        <results>
          <test-suite type="TestFixture" name="Service" executed="True" result="Success" success="True" time="1.842" asserts="0">
            <results>
              <test-case name="Testws.Service.postObserverData" executed="True" result="Success" success="True" time="0.759" asserts="1" />
              <test-case name="Testws.Service.restGetImageIds" executed="True" result="Success" success="True" time="0.204" asserts="1" />
              <test-case name="Testws.Service.restGetImages" executed="True" result="Success" success="True" time="0.829" asserts="1" />
            </results>
          </test-suite>
        </results>
      </test-suite>
    </results>
  </test-suite>
</test-results>